[2m9:50:07 pm[22m [31m[1m[vite][22m[39m [31mInternal server error: Failed to resolve import "../pages/signup/SignupPage" from "src/api/App.jsx". Does the file exist?[39m
  Plugin: [35mvite:import-analysis[39m
  File: [36mC:/Users/adity/Downloads/idleaxe/IdleAxe/frontend/src/api/App.jsx[39m:5:23
[33m  19 |  import DashboardLayout from "../layouts/DashboardLayout";
  20 |  import LandingPage from "../pages/landing/LandingPage";
  21 |  import SignupPage from "../pages/signup/SignupPage";
     |                          ^
  22 |  export default function App() {
  23 |    return /* @__PURE__ */ jsxDEV(Router, { children: /* @__PURE__ */ jsxDEV(Routes, { children: [[39m
      at TransformPluginContext._formatError (file:///C:/Users/adity/Downloads/idleaxe/IdleAxe/frontend/node_modules/vite/dist/node/chunks/dep-BK3b2jBa.js:49258:41)
      at TransformPluginContext.error (file:///C:/Users/adity/Downloads/idleaxe/IdleAxe/frontend/node_modules/vite/dist/node/chunks/dep-BK3b2jBa.js:49253:16)
      at normalizeUrl (file:///C:/Users/adity/Downloads/idleaxe/IdleAxe/frontend/node_modules/vite/dist/node/chunks/dep-BK3b2jBa.js:64307:23)
      at process.processTicksAndRejections (node:internal/process/task_queues:103:5)
      at async file:///C:/Users/adity/Downloads/idleaxe/IdleAxe/frontend/node_modules/vite/dist/node/chunks/dep-BK3b2jBa.js:64439:39
      at async Promise.all (index 7)
      at async TransformPluginContext.transform (file:///C:/Users/adity/Downloads/idleaxe/IdleAxe/frontend/node_modules/vite/dist/node/chunks/dep-BK3b2jBa.js:64366:7)
      at async PluginContainer.transform (file:///C:/Users/adity/Downloads/idleaxe/IdleAxe/frontend/node_modules/vite/dist/node/chunks/dep-BK3b2jBa.js:49099:18)
      at async loadAndTransform (file:///C:/Users/adity/Downloads/idleaxe/IdleAxe/frontend/node_modules/vite/dist/node/chunks/dep-BK3b2jBa.js:51978:27)
[2m9:50:07 pm[22m [31m[1m[vite][22m[39m [31mInternal server error: Failed to resolve import "../pages/signup/SignupPage" from "src/api/App.jsx". Does the file exist?[39m
  Plugin: [35mvite:import-analysis[39m
  File: [36mC:/Users/adity/Downloads/idleaxe/IdleAxe/frontend/src/api/App.jsx[39m:5:23
[33m  19 |  import DashboardLayout from "../layouts/DashboardLayout";
  20 |  import LandingPage from "../pages/landing/LandingPage";
  21 |  import SignupPage from "../pages/signup/SignupPage";
     |                          ^
  22 |  export default function App() {
  23 |    return /* @__PURE__ */ jsxDEV(Router, { children: /* @__PURE__ */ jsxDEV(Routes, { children: [[39m
      at TransformPluginContext._formatError (file:///C:/Users/adity/Downloads/idleaxe/IdleAxe/frontend/node_modules/vite/dist/node/chunks/dep-BK3b2jBa.js:49258:41)
      at TransformPluginContext.error (file:///C:/Users/adity/Downloads/idleaxe/IdleAxe/frontend/node_modules/vite/dist/node/chunks/dep-BK3b2jBa.js:49253:16)
      at normalizeUrl (file:///C:/Users/adity/Downloads/idleaxe/IdleAxe/frontend/node_modules/vite/dist/node/chunks/dep-BK3b2jBa.js:64307:23)
      at process.processTicksAndRejections (node:internal/process/task_queues:103:5)
      at async file:///C:/Users/adity/Downloads/idleaxe/IdleAxe/frontend/node_modules/vite/dist/node/chunks/dep-BK3b2jBa.js:64439:39
      at async Promise.all (index 7)
      at async TransformPluginContext.transform (file:///C:/Users/adity/Downloads/idleaxe/IdleAxe/frontend/node_modules/vite/dist/node/chunks/dep-BK3b2jBa.js:64366:7)
      at async PluginContainer.transform (file:///C:/Users/adity/Downloads/idleaxe/IdleAxe/frontend/node_modules/vite/dist/node/chunks/dep-BK3b2jBa.js:49099:18)
      at async loadAndTransform (file:///C:/Users/adity/Downloads/idleaxe/IdleAxe/frontend/node_modules/vite/dist/node/chunks/dep-BK3b2jBa.js:51978:27)
